        -:    0:Source:/mnt/c/Users/Filip/Documents/GitHub/a67-917-Tasadan-Filip/Exceptions/ProgramExceptions.h
        -:    0:Graph:/mnt/c/Users/Filip/Documents/GitHub/a67-917-Tasadan-Filip/cmake-build-debug-coverage/CMakeFiles/a67_917_Tasadan_Filip.dir/Validator/ProgramValidator.cpp.gcno
        -:    0:Data:/mnt/c/Users/Filip/Documents/GitHub/a67-917-Tasadan-Filip/cmake-build-debug-coverage/CMakeFiles/a67_917_Tasadan_Filip.dir/Validator/ProgramValidator.cpp.gcda
        -:    0:Runs:1
        -:    1://
        -:    2:// Created by Filip on 08-Apr-21.
        -:    3://
        -:    4:
        -:    5:#pragma once
        -:    6:#include <exception>
        -:    7:#include <string>
        -:    8:
        -:    9:
        -:   10:class RepoException: public std::exception {
        -:   11:private:
        -:   12:    std::string info;
        -:   13:
        -:   14:public:
        -:   15:    explicit RepoException(std::string given_info) {
        -:   16:        this->info = given_info;
        -:   17:    }
        -:   18:    std::string getInfo() { return this->info; }
        -:   19:
        -:   20:};
        -:   21:
        -:   22:class ValidationException: public std::exception {
        -:   23:private:
        -:   24:    std::string info;
        -:   25:
        -:   26:public:
        1:   27:    explicit ValidationException(std::string given_info) {
        1:   27-block  0
    $$$$$:   27-block  1
    $$$$$:   27-block  2
        1:   28:        this->info = given_info;
        1:   29:    }
        1:   29-block  0
        -:   30:    std::string getInfo() { return this->info; }
        -:   31:
        -:   32:};
