        -:    0:Source:/mnt/c/Users/Filip/Documents/GitHub/a67-917-Tasadan-Filip/StringFunctions/StringFunctions.cpp
        -:    0:Graph:/mnt/c/Users/Filip/Documents/GitHub/a67-917-Tasadan-Filip/cmake-build-debug-coverage/CMakeFiles/a67_917_Tasadan_Filip.dir/StringFunctions/StringFunctions.cpp.gcno
        -:    0:Data:/mnt/c/Users/Filip/Documents/GitHub/a67-917-Tasadan-Filip/cmake-build-debug-coverage/CMakeFiles/a67_917_Tasadan_Filip.dir/StringFunctions/StringFunctions.cpp.gcda
        -:    0:Runs:1
        -:    1://
        -:    2:// Created by Filip on 08-Apr-21.
        -:    3://
        -:    4:
        -:    5:#include "StringFunctions.h"
        -:    6:
        3:    7:std::vector<std::string> splitLineByDelimiter(std::string line, std::string delimiter) {
        3:    8:    std::vector<std::string> splitLine;
        3:    8-block  0
        3:    9:    int position = 0;
       3*:   10:    while ((position = line.find(delimiter)) != std::string::npos) {
        3:   10-block  0
    #####:   11:        std::string token = line.substr(0, position);
    %%%%%:   11-block  0
    %%%%%:   11-block  1
    $$$$$:   11-block  2
    #####:   12:        splitLine.push_back(token);
    %%%%%:   12-block  0
    #####:   13:        line.erase(0, delimiter.length() + position);
    %%%%%:   13-block  0
        -:   14:    }
        3:   15:    splitLine.push_back(line);
        3:   15-block  0
        3:   16:    return splitLine;
        3:   16-block  0
        3:   16-block  1
        -:   17:}
