        -:    0:Source:/mnt/c/Users/Filip/Documents/GitHub/a67-917-Tasadan-Filip/UserInterface/UI.cpp
        -:    0:Graph:/mnt/c/Users/Filip/Documents/GitHub/a67-917-Tasadan-Filip/cmake-build-debug-coverage/CMakeFiles/a67_917_Tasadan_Filip.dir/UserInterface/UI.cpp.gcno
        -:    0:Data:/mnt/c/Users/Filip/Documents/GitHub/a67-917-Tasadan-Filip/cmake-build-debug-coverage/CMakeFiles/a67_917_Tasadan_Filip.dir/UserInterface/UI.cpp.gcda
        -:    0:Runs:1
        -:    1://
        -:    2:// Created by Filip on 18-Mar-21.
        -:    3://
        -:    4:
        -:    5:#include "UI.h"
        -:    6://#include <Windows.h>
        -:    7://#include <shellapi.h>
        -:    8:
        -:    9:
    #####:   10:void UserInterface::UIAddNewDog() {
    #####:   11:    std::string new_breed, new_name, new_photo;
    %%%%%:   11-block  0
    $$$$$:   11-block  1
    $$$$$:   11-block  2
    $$$$$:   11-block  3
        -:   12:    int new_age;
        -:   13:    char empty_char;
        -:   14:
    #####:   15:    std::cout<<"Enter new dog's breed >> ";
    #####:   16:    std::cin>>new_breed;
    %%%%%:   16-block  0
    #####:   17:    std::cout<<"Enter new dog's name >> ";
    %%%%%:   17-block  0
    #####:   18:    std::cin>>new_name;
    %%%%%:   18-block  0
        -:   19:
    #####:   20:    std::cout<<"Enter new dog's age >> ";
    %%%%%:   20-block  0
    #####:   21:    std::cin>>new_age;
    %%%%%:   21-block  0
    #####:   22:    if (!std::cin) {
    %%%%%:   22-block  0
    %%%%%:   22-block  1
    #####:   23:        std::cin.clear();
    %%%%%:   23-block  0
    #####:   24:        std::cout << "Error: The age should be an integer!!\n";
    %%%%%:   24-block  0
    #####:   25:        std::cin.ignore(100, '\n');
    %%%%%:   25-block  0
    #####:   26:        return;
    %%%%%:   26-block  0
        -:   27:
        -:   28:    }
        -:   29:
    #####:   30:    std::cout<<"Enter new dog's photo >> ";
    %%%%%:   30-block  0
    #####:   31:    std::cin>>new_photo;
    %%%%%:   31-block  0
        -:   32:    try {
    #####:   33:        this->program_controller.serviceAddDog(new_breed, new_name,new_age, new_photo);
    %%%%%:   33-block  0
    %%%%%:   33-block  1
    %%%%%:   33-block  2
    %%%%%:   33-block  3
    %%%%%:   33-block  4
    $$$$$:   33-block  5
    $$$$$:   33-block  6
    $$$$$:   33-block  7
    $$$$$:   33-block  8
    $$$$$:   33-block  9
    $$$$$:   33-block 10
        -:   34:    }
    =====:   35:    catch(RepoException& repo_exception) {
    $$$$$:   35-block  0
    $$$$$:   35-block  1
    =====:   36:        std::cout<<"Error: "<< repo_exception.getInfo() <<"\n";
    $$$$$:   36-block  0
    $$$$$:   36-block  1
    $$$$$:   36-block  2
    $$$$$:   36-block  3
    $$$$$:   36-block  4
    $$$$$:   36-block  5
        -:   37:    }
    =====:   38:    catch(ValidationException& validator_exception) {
    $$$$$:   38-block  0
    $$$$$:   38-block  1
    =====:   39:        std::cout<<"Error: "<< validator_exception.getInfo() <<"\n";
    $$$$$:   39-block  0
    $$$$$:   39-block  1
    $$$$$:   39-block  2
    $$$$$:   39-block  3
    $$$$$:   39-block  4
    $$$$$:   39-block  5
        -:   40:    }
        -:   41:
        -:   42:
        -:   43:}
        -:   44:
    #####:   45:void UserInterface::UIRemoveDog() {
    #####:   46:    std::string given_name;
    %%%%%:   46-block  0
    %%%%%:   46-block  1
    $$$$$:   46-block  2
        -:   47:
    #####:   48:    std::cout<<"Enter the dog's name >> ";
    #####:   49:    std::cin>>given_name;
    %%%%%:   49-block  0
        -:   50:
        -:   51:
        -:   52:    try {
    #####:   53:        this->program_controller.serviceDeleteDog(given_name);
    %%%%%:   53-block  0
    %%%%%:   53-block  1
    %%%%%:   53-block  2
    $$$$$:   53-block  3
    $$$$$:   53-block  4
        -:   54:    }
    =====:   55:    catch(RepoException& repo_exception) {
    $$$$$:   55-block  0
    $$$$$:   55-block  1
    =====:   56:        std::cout<<"Error: "<< repo_exception.getInfo() <<"\n";
    $$$$$:   56-block  0
    $$$$$:   56-block  1
    $$$$$:   56-block  2
    $$$$$:   56-block  3
    $$$$$:   56-block  4
    $$$$$:   56-block  5
        -:   57:    }
    =====:   58:    catch(ValidationException& validator_exception) {
    $$$$$:   58-block  0
    $$$$$:   58-block  1
    =====:   59:        std::cout<<"Error: "<< validator_exception.getInfo() <<"\n";
    $$$$$:   59-block  0
    $$$$$:   59-block  1
    $$$$$:   59-block  2
    $$$$$:   59-block  3
    $$$$$:   59-block  4
    $$$$$:   59-block  5
        -:   60:    }
        -:   61:
    #####:   62:}
        -:   63:
    #####:   64:void UserInterface::UIUpdateDogAge() {
    #####:   65:    std::string dog_name;
    %%%%%:   65-block  0
    $$$$$:   65-block  1
        -:   66:    int new_age;
    #####:   67:    std::cout<<"Enter the dog's name >> ";
    #####:   68:    std::cin>>dog_name;
    %%%%%:   68-block  0
        -:   69:
    #####:   70:    std::cout<<"Enter new dog's age >> ";
    %%%%%:   70-block  0
    #####:   71:    std::cin>>new_age;
    %%%%%:   71-block  0
    #####:   72:    if (!std::cin) {
    %%%%%:   72-block  0
    %%%%%:   72-block  1
    #####:   73:        std::cin.clear();
    %%%%%:   73-block  0
    #####:   74:        std::cout << "Error: The age should be an integer!!\n";
    %%%%%:   74-block  0
    #####:   75:        std::cin.ignore(100, '\n');
    %%%%%:   75-block  0
    #####:   76:        return;
    %%%%%:   76-block  0
        -:   77:
        -:   78:    }
        -:   79:    try {
    #####:   80:        this->program_controller.serviceUpdateDogAge(dog_name, new_age);
    %%%%%:   80-block  0
    %%%%%:   80-block  1
    %%%%%:   80-block  2
    $$$$$:   80-block  3
    $$$$$:   80-block  4
        -:   81:    }
    =====:   82:    catch(RepoException& repo_exception) {
    $$$$$:   82-block  0
    $$$$$:   82-block  1
    =====:   83:        std::cout<<"Error: "<< repo_exception.getInfo() <<"\n";
    $$$$$:   83-block  0
    $$$$$:   83-block  1
    $$$$$:   83-block  2
    $$$$$:   83-block  3
    $$$$$:   83-block  4
    $$$$$:   83-block  5
        -:   84:    }
    =====:   85:    catch(ValidationException& validator_exception) {
    $$$$$:   85-block  0
    $$$$$:   85-block  1
    =====:   86:        std::cout<<"Error: "<< validator_exception.getInfo() <<"\n";
    $$$$$:   86-block  0
    $$$$$:   86-block  1
    $$$$$:   86-block  2
    $$$$$:   86-block  3
    $$$$$:   86-block  4
    $$$$$:   86-block  5
        -:   87:    }
        -:   88:}
        -:   89:
    #####:   90:void UserInterface::UIUpdateDogPhoto() {
    #####:   91:    std::string dog_name, new_photo;
    %%%%%:   91-block  0
    %%%%%:   91-block  1
    $$$$$:   91-block  2
    $$$$$:   91-block  3
        -:   92:
    #####:   93:    std::cout<<"Enter the dog's name >> ";
    #####:   94:    std::cin>>dog_name;
    %%%%%:   94-block  0
        -:   95:
    #####:   96:    std::cout<<"Enter new dog's photo >> ";
    %%%%%:   96-block  0
    #####:   97:    std::cin>>new_photo;
    %%%%%:   97-block  0
        -:   98:    try {
    #####:   99:        this->program_controller.serviceUpdateDogPhoto(dog_name, new_photo);
    %%%%%:   99-block  0
    %%%%%:   99-block  1
    %%%%%:   99-block  2
    %%%%%:   99-block  3
    $$$$$:   99-block  4
    $$$$$:   99-block  5
    $$$$$:   99-block  6
    $$$$$:   99-block  7
        -:  100:    }
    =====:  101:    catch(RepoException& repo_exception) {
    $$$$$:  101-block  0
    $$$$$:  101-block  1
    =====:  102:        std::cout<<"Error: "<< repo_exception.getInfo() <<"\n";
    $$$$$:  102-block  0
    $$$$$:  102-block  1
    $$$$$:  102-block  2
    $$$$$:  102-block  3
    $$$$$:  102-block  4
    $$$$$:  102-block  5
        -:  103:    }
    =====:  104:    catch(ValidationException& validator_exception) {
    $$$$$:  104-block  0
    $$$$$:  104-block  1
    =====:  105:        std::cout<<"Error: "<< validator_exception.getInfo() <<"\n";
    $$$$$:  105-block  0
    $$$$$:  105-block  1
    $$$$$:  105-block  2
    $$$$$:  105-block  3
    $$$$$:  105-block  4
    $$$$$:  105-block  5
        -:  106:    }
    #####:  107:}
        -:  108:
    #####:  109:void UserInterface::getAllDogsList() {
    #####:  110:    std::vector<Dog> dog_list = this->program_controller.getAllDogs();
    %%%%%:  110-block  0
    $$$$$:  110-block  1
    #####:  111:    std::cout<<"List of all dogs currently in the shelter\n";
    %%%%%:  111-block  0
    #####:  112:    this->printListOfDogs(dog_list);
    %%%%%:  112-block  0
    %%%%%:  112-block  1
    %%%%%:  112-block  2
    $$$$$:  112-block  3
    $$$$$:  112-block  4
    #####:  113:}
        -:  114:
    #####:  115:void UserInterface::printListOfDogs(std::vector<Dog> given_list) {
        -:  116:
    #####:  117:    for(auto current_dog : given_list) {
    %%%%%:  117-block  0
    %%%%%:  117-block  1
    %%%%%:  117-block  2
    $$$$$:  117-block  3
    #####:  118:        std::cout<<"Breed: "<<current_dog.getBreed()<<" | ";
    %%%%%:  118-block  0
    %%%%%:  118-block  1
    %%%%%:  118-block  2
    %%%%%:  118-block  3
    %%%%%:  118-block  4
    $$$$$:  118-block  5
    $$$$$:  118-block  6
    #####:  119:        std::cout<<"Name: "<<current_dog.getName()<<" | ";
    %%%%%:  119-block  0
    %%%%%:  119-block  1
    %%%%%:  119-block  2
    %%%%%:  119-block  3
    $$$$$:  119-block  4
    $$$$$:  119-block  5
    #####:  120:        std::cout<<"Age: "<<current_dog.getAge()<<" | ";
    %%%%%:  120-block  0
    %%%%%:  120-block  1
    %%%%%:  120-block  2
    #####:  121:        std::cout<<"Photograph: "<<current_dog.getPhotograph()<<"\n";
    %%%%%:  121-block  0
    %%%%%:  121-block  1
    %%%%%:  121-block  2
    %%%%%:  121-block  3
    %%%%%:  121-block  4
    $$$$$:  121-block  5
    $$$$$:  121-block  6
        -:  122:    }
    #####:  123:    std::cout<<"\n";
    %%%%%:  123-block  0
    #####:  124:}
        -:  125:
        1:  126:void UserInterface::printModeChoices() {
        1:  127:    std::cout<<"You have to choose the mode in which you want to start the app\n";
        1:  127-block  0
        1:  128:    std::cout<<"0 - exit application\n";
        1:  129:    std::cout<<"1 - admin mode\n";
        1:  130:    std::cout<<"2 - user mode\n";
        1:  131:    std::cout<<"Enter your desired mode >> ";
        1:  132:}
        -:  133:
        -:  134:
        1:  135:std::string UserInterface::chooseMode() {
        1:  136:    std::string mode;
        1:  136-block  0
        1:  137:    this->printModeChoices();
        1:  138:    std::cin>>mode;
        1:  138-block  0
        1:  139:    return mode;
        1:  139-block  0
        1:  139-block  1
        -:  140:}
        -:  141:
    #####:  142:std::string UserInterface::chooseAction() {
    #####:  143:    std::string action;
    %%%%%:  143-block  0
        -:  144:
    #####:  145:    std::cout<<"Enter the desired action >> ";
    #####:  146:    std::cin>>action;
    %%%%%:  146-block  0
    #####:  147:    return action;
    %%%%%:  147-block  0
    %%%%%:  147-block  1
        -:  148:}
        -:  149:
    #####:  150:void UserInterface::printAdminMenu() {
    #####:  151:    std::cout<<"This is the list of operations that you can do as an admin\n";
    %%%%%:  151-block  0
    #####:  152:    std::cout<<"0 - exit mode\n";
    #####:  153:    std::cout<<"1 - add new dog\n";
    #####:  154:    std::cout<<"2 - delete a dog by name\n";
    #####:  155:    std::cout<<"3 - update a dog's age\n";
    #####:  156:    std::cout<<"4 - update a dog's photograph\n";
    #####:  157:    std::cout<<"5 - get the list of dogs\n\n";
    #####:  158:}
        -:  159:
        -:  160:
    #####:  161:void UserInterface::runAdmin() {
    #####:  162:    std::string action;
    %%%%%:  162-block  0
    %%%%%:  162-block  1
    $$$$$:  162-block  2
        -:  163:    for(;;) {
    #####:  164:        this->printAdminMenu();
    %%%%%:  164-block  0
        -:  165:
    #####:  166:        action = this->chooseAction();
    %%%%%:  166-block  0
    %%%%%:  166-block  1
        -:  167:
    #####:  168:        if(action=="0")
    #####:  169:            break;
    %%%%%:  169-block  0
        -:  170:
    #####:  171:        else if(action=="1") {
    %%%%%:  171-block  0
    #####:  172:            this->UIAddNewDog();
    %%%%%:  172-block  0
        -:  173:        }
        -:  174:
    #####:  175:        else if(action=="2") {
    %%%%%:  175-block  0
    #####:  176:            this->UIRemoveDog();
    %%%%%:  176-block  0
        -:  177:        }
        -:  178:
    #####:  179:        else if(action=="3") {
    %%%%%:  179-block  0
    #####:  180:                this->UIUpdateDogAge();
    %%%%%:  180-block  0
        -:  181:
        -:  182:        }
        -:  183:
    #####:  184:        else if(action=="4") {
    %%%%%:  184-block  0
    #####:  185:                this->UIUpdateDogPhoto();
    %%%%%:  185-block  0
        -:  186:        }
        -:  187:
    #####:  188:        else if(action=="5")
    %%%%%:  188-block  0
    #####:  189:            this->getAllDogsList();
    %%%%%:  189-block  0
        -:  190:
        -:  191:        else {
    #####:  192:            std::cout<<"Error: Invalid command!\n";
    %%%%%:  192-block  0
        -:  193:        }
        -:  194:    }
    #####:  195:}
        -:  196:
    #####:  197:void UserInterface::printIterationChoices() {
    #####:  198:    std::cout<<"This is the list of actions that you can do for seeing the dogs in the shelter\n";
    %%%%%:  198-block  0
    #####:  199:    std::cout<<"0 - go back to operations menu \n";
    #####:  200:    std::cout<<"1 - adopt current dog\n";
    #####:  201:    std::cout<<"2 - go to the next dog in the list\n\n";
    #####:  202:}
        -:  203:
    #####:  204:void UserInterface::printCurrentDog(Dog current_dog) {
    #####:  205:    std::cout<<"The current dog in the list is:\n";
    %%%%%:  205-block  0
    #####:  206:    std::cout<<"Breed: "<<current_dog.getBreed()<<" | ";
    %%%%%:  206-block  0
    %%%%%:  206-block  1
    %%%%%:  206-block  2
    %%%%%:  206-block  3
    %%%%%:  206-block  4
    $$$$$:  206-block  5
    $$$$$:  206-block  6
    #####:  207:    std::cout<<"Name: "<<current_dog.getName()<<" | ";
    %%%%%:  207-block  0
    %%%%%:  207-block  1
    %%%%%:  207-block  2
    %%%%%:  207-block  3
    $$$$$:  207-block  4
    $$$$$:  207-block  5
    #####:  208:    std::cout<<"Age: "<<current_dog.getAge()<<" | ";
    %%%%%:  208-block  0
    %%%%%:  208-block  1
    %%%%%:  208-block  2
        -:  209:    char link[200];
        -:  210://    for(int i=0; i<current_dog.getPhotograph().size(); i++)
        -:  211://        link[i] = current_dog.getPhotograph()[i];
        -:  212://    ShellExecuteA(NULL, NULL, "chrome.exe", link, NULL, SW_SHOWMAXIMIZED);
        -:  213:
    #####:  214:}
    %%%%%:  214-block  0
        -:  215:
    #####:  216:void UserInterface::UIIterateAllDogs() {
    #####:  217:    std::string action;
    %%%%%:  217-block  0
    %%%%%:  217-block  1
    $$$$$:  217-block  2
    #####:  218:    if(this->program_controller.getAllDogs().size() >= 1) {
    %%%%%:  218-block  0
    #####:  219:        std::vector<Dog> aux_dog_list = this->program_controller.getAllDogs();
    %%%%%:  219-block  0
    %%%%%:  219-block  1
    $$$$$:  219-block  2
    #####:  220:        auto dog_iterator = aux_dog_list.begin();
    %%%%%:  220-block  0
        -:  221:
        -:  222:        for(;;) {
    #####:  223:            this->printCurrentDog(*dog_iterator);
    %%%%%:  223-block  0
    %%%%%:  223-block  1
    %%%%%:  223-block  2
    $$$$$:  223-block  3
    $$$$$:  223-block  4
    #####:  224:            this->printIterationChoices();
        -:  225:
    #####:  226:            action = this->chooseAction();
    %%%%%:  226-block  0
    %%%%%:  226-block  1
    #####:  227:            if(action == "0") {
    #####:  228:                break;
    %%%%%:  228-block  0
        -:  229:            }
    #####:  230:            else if(action == "1") {
    %%%%%:  230-block  0
        -:  231:                try {
    #####:  232:                    this->user_program_controller.addToAdoptionList(*dog_iterator);
    %%%%%:  232-block  0
    #####:  233:                    std::string deleted_dog_name = (*dog_iterator).getName();
    %%%%%:  233-block  0
    $$$$$:  233-block  1
    #####:  234:                    this->program_controller.serviceDeleteDog(deleted_dog_name);
    %%%%%:  234-block  0
    %%%%%:  234-block  1
    %%%%%:  234-block  2
    $$$$$:  234-block  3
    $$$$$:  234-block  4
        -:  235:                }
    =====:  236:                catch(int e) {
    $$$$$:  236-block  0
    $$$$$:  236-block  1
    $$$$$:  236-block  2
    =====:  237:                    std::cout<<"Error: This dog is already in your adoption list!\n";
        -:  238:                }
        -:  239:
    #####:  240:                ++dog_iterator;
    %%%%%:  240-block  0
        -:  241:            }
    #####:  242:            else if(action == "2") {
    %%%%%:  242-block  0
    #####:  243:                ++dog_iterator;
    %%%%%:  243-block  0
        -:  244:            }
        -:  245:            else {
    #####:  246:                std::cout<<"Error: Invalid command!\n";
    %%%%%:  246-block  0
        -:  247:            }
        -:  248:
    #####:  249:            if(dog_iterator == aux_dog_list.end()) {
    %%%%%:  249-block  0
    #####:  250:                if(this->program_controller.getAllDogs().size() >= 1) {
    %%%%%:  250-block  0
    %%%%%:  250-block  1
    #####:  251:                    aux_dog_list = this->program_controller.getAllDogs();
    %%%%%:  251-block  0
    %%%%%:  251-block  1
    #####:  252:                    dog_iterator = aux_dog_list.begin();
        -:  253:                }
        -:  254:                else {
    #####:  255:                    std::cout<<"There are no more dogs in the shelter!"<<"\n";
    %%%%%:  255-block  0
    %%%%%:  255-block  1
    #####:  256:                    break;
    %%%%%:  256-block  0
        -:  257:                }
        -:  258:            }
        -:  259:
    #####:  260:        }
    %%%%%:  260-block  0
        -:  261:    }
        -:  262:
        -:  263:    else {
    #####:  264:        std::cout<<"There are no more dogs in the shelter!"<<"\n";
    %%%%%:  264-block  0
    %%%%%:  264-block  1
        -:  265:    }
    #####:  266:}
        -:  267:
    #####:  268:std::string UserInterface::askForSortBreed() {
    #####:  269:    std::string sort_breed, answer;
    %%%%%:  269-block  0
    %%%%%:  269-block  1
    $$$$$:  269-block  2
    #####:  270:    std::cout<<"Do you want to enter a specific breed of dogs? y/n \n";
        -:  271:    for(;;) {
    #####:  272:        std::cout<<"Enter answer >>";
    %%%%%:  272-block  0
    %%%%%:  272-block  1
    #####:  273:        std::cin>>answer;
    %%%%%:  273-block  0
        -:  274:
    #####:  275:        if(answer == "y") {
    %%%%%:  275-block  0
    #####:  276:            std::cout<<"Enter the breed of dogs >> ";
    %%%%%:  276-block  0
    #####:  277:            std::cin>>sort_breed;
    %%%%%:  277-block  0
    #####:  278:            return sort_breed;
    %%%%%:  278-block  0
        -:  279:        }
    #####:  280:        else if(answer == "n") {
    %%%%%:  280-block  0
    #####:  281:            sort_breed = "";
    %%%%%:  281-block  0
    #####:  282:            return sort_breed;
    %%%%%:  282-block  0
        -:  283:        }
        -:  284:        else {
    #####:  285:            std::cout<<"Error: Invalid answer. Please try again!";
    %%%%%:  285-block  0
        -:  286:        }
        -:  287:    }
        -:  288:}
        -:  289:
    #####:  290:int UserInterface::askForSortAge() {
        -:  291:    int sort_age;
    #####:  292:    std::cout<<"Enter the maximum age of dogs >> ";
    %%%%%:  292-block  0
    #####:  293:    std::cin>>sort_age;
    %%%%%:  293-block  0
    #####:  294:    return sort_age;
    %%%%%:  294-block  0
    %%%%%:  294-block  1
        -:  295:
        -:  296:}
        -:  297:
    #####:  298:void UserInterface::UIIterateSortedDogs() {
    #####:  299:    std::string action, sort_breed;
    %%%%%:  299-block  0
    %%%%%:  299-block  1
    $$$$$:  299-block  2
    $$$$$:  299-block  3
        -:  300:    int sort_age;
        -:  301:
    #####:  302:    sort_breed = this->askForSortBreed();
    %%%%%:  302-block  0
    #####:  303:    sort_age = this->askForSortAge();
        -:  304:
    #####:  305:    if(this->user_program_controller.sortDogs(this->program_controller.getAllDogs(), sort_breed, sort_age).size() >= 1) {
    %%%%%:  305-block  0
    %%%%%:  305-block  1
    %%%%%:  305-block  2
    %%%%%:  305-block  3
    $$$$$:  305-block  4
    $$$$$:  305-block  5
    $$$$$:  305-block  6
    $$$$$:  305-block  7
    #####:  306:        std::vector<Dog> aux_dog_list = this->user_program_controller.sortDogs(this->program_controller.getAllDogs(), sort_breed, sort_age);
    %%%%%:  306-block  0
    %%%%%:  306-block  1
    %%%%%:  306-block  2
    %%%%%:  306-block  3
    $$$$$:  306-block  4
    $$$$$:  306-block  5
    $$$$$:  306-block  6
    #####:  307:        auto dog_iterator = aux_dog_list.begin();
        -:  308:
        -:  309:        for(;;) {
    #####:  310:            this->printCurrentDog(*dog_iterator);
    %%%%%:  310-block  0
    %%%%%:  310-block  1
    %%%%%:  310-block  2
    $$$$$:  310-block  3
    $$$$$:  310-block  4
    #####:  311:            this->printIterationChoices();
        -:  312:
    #####:  313:            action = this->chooseAction();
    %%%%%:  313-block  0
    %%%%%:  313-block  1
    #####:  314:            if(action == "0") {
    #####:  315:                break;
    %%%%%:  315-block  0
        -:  316:            }
    #####:  317:            else if(action == "1") {
    %%%%%:  317-block  0
        -:  318:                try {
    #####:  319:                    this->user_program_controller.addToAdoptionList(*dog_iterator);
    %%%%%:  319-block  0
    #####:  320:                    std::string deleted_dog_name = (*dog_iterator).getName();
    %%%%%:  320-block  0
    $$$$$:  320-block  1
    #####:  321:                    this->program_controller.serviceDeleteDog(deleted_dog_name);
    %%%%%:  321-block  0
    %%%%%:  321-block  1
    %%%%%:  321-block  2
    $$$$$:  321-block  3
    $$$$$:  321-block  4
        -:  322:                }
    =====:  323:                catch(int e) {
    $$$$$:  323-block  0
    $$$$$:  323-block  1
    $$$$$:  323-block  2
    =====:  324:                    std::cout<<"Error: This dog is already in your adoption list!\n";
        -:  325:                }
        -:  326:
    #####:  327:                ++dog_iterator;
    %%%%%:  327-block  0
        -:  328:            }
    #####:  329:            else if(action == "2") {
    %%%%%:  329-block  0
    #####:  330:                ++dog_iterator;
    %%%%%:  330-block  0
        -:  331:            }
        -:  332:            else {
    #####:  333:                std::cout<<"Error: Invalid command!\n";
    %%%%%:  333-block  0
        -:  334:            }
        -:  335:
    #####:  336:            if(dog_iterator == aux_dog_list.end()) {
    %%%%%:  336-block  0
    #####:  337:                if(this->user_program_controller.sortDogs(this->program_controller.getAllDogs(), sort_breed, sort_age).size() >= 1) {
    %%%%%:  337-block  0
    %%%%%:  337-block  1
    %%%%%:  337-block  2
    %%%%%:  337-block  3
    $$$$$:  337-block  4
    $$$$$:  337-block  5
    $$$$$:  337-block  6
    $$$$$:  337-block  7
    #####:  338:                    aux_dog_list = this->user_program_controller.sortDogs(this->program_controller.getAllDogs(), sort_breed, sort_age);
    %%%%%:  338-block  0
    %%%%%:  338-block  1
    %%%%%:  338-block  2
    %%%%%:  338-block  3
    $$$$$:  338-block  4
    $$$$$:  338-block  5
    $$$$$:  338-block  6
    $$$$$:  338-block  7
    #####:  339:                    dog_iterator = aux_dog_list.begin();
        -:  340:                }
        -:  341:                else {
    #####:  342:                    std::cout<<"There are no more dogs in the shelter!"<<"\n";
    %%%%%:  342-block  0
    %%%%%:  342-block  1
    #####:  343:                    break;
    %%%%%:  343-block  0
        -:  344:                }
        -:  345:            }
        -:  346:
    #####:  347:        }
    %%%%%:  347-block  0
        -:  348:    }
        -:  349:
        -:  350:    else {
    #####:  351:        std::cout<<"There are no more dogs in the shelter!"<<"\n";
    %%%%%:  351-block  0
    %%%%%:  351-block  1
        -:  352:    }
    #####:  353:}
        -:  354:
    #####:  355:void UserInterface::displayAdoptionList() {
    #####:  356:    std::cout<<"All dogs currently in the adoption list\n";
    %%%%%:  356-block  0
    #####:  357:    this->printListOfDogs(this->user_program_controller.getAdoptionList());
    %%%%%:  357-block  0
    $$$$$:  357-block  1
    #####:  358:}
        -:  359:
    #####:  360:void UserInterface::printUserMenu() {
    #####:  361:    std::cout<<"This is the list of operations that you can do as an user\n";
    %%%%%:  361-block  0
    #####:  362:    std::cout<<"0 - exit mode\n";
    #####:  363:    std::cout<<"1 - see all dogs in the shelter\n";
    #####:  364:    std::cout<<"2 - see all the dogs of a given breed, having an age less than a given number\n";
    #####:  365:    std::cout<<"3 - see adoption list\n\n";
    #####:  366:}
        -:  367:
    #####:  368:void UserInterface::runUser() {
    #####:  369:    std::string action;
    %%%%%:  369-block  0
    %%%%%:  369-block  1
    $$$$$:  369-block  2
        -:  370:    for(;;) {
    #####:  371:        this->printUserMenu();
    %%%%%:  371-block  0
        -:  372:
    #####:  373:        action = this->chooseAction();
    %%%%%:  373-block  0
    %%%%%:  373-block  1
        -:  374:
    #####:  375:        if(action == "0") {
    #####:  376:            break;
    %%%%%:  376-block  0
        -:  377:        }
        -:  378:
    #####:  379:        else if(action == "1") {
    %%%%%:  379-block  0
    #####:  380:            this->UIIterateAllDogs();
    %%%%%:  380-block  0
        -:  381:        }
        -:  382:
    #####:  383:        else if(action == "2") {
    %%%%%:  383-block  0
    #####:  384:            this->UIIterateSortedDogs();
    %%%%%:  384-block  0
        -:  385:        }
        -:  386:
    #####:  387:        else if(action == "3") {
    %%%%%:  387-block  0
    #####:  388:            this->displayAdoptionList();
    %%%%%:  388-block  0
        -:  389:        }
        -:  390:
        -:  391:        else {
    #####:  392:            std::cout<<"Invalid action. Please try again!";
    %%%%%:  392-block  0
        -:  393:        }
        -:  394:
        -:  395:    }
    #####:  396:}
        -:  397:
        1:  398:void UserInterface::startProgram(std::string file_name) {
        1:  399:    this->program_controller.adminServiceSetFileName(file_name);
        1:  399-block  0
        1:  399-block  1
        1:  399-block  2
    $$$$$:  399-block  3
    $$$$$:  399-block  4
        2:  400:    std::string mode;
        1:  400-block  0
    $$$$$:  400-block  1
        -:  401:
        -:  402:    for(;;) {
       1*:  403:        mode = this->chooseMode();
        1:  403-block  0
        1:  403-block  1
    %%%%%:  403-block  2
        1:  404:        if(mode == "0") {
        1:  405:            break;
        1:  405-block  0
        -:  406:        }
    #####:  407:        if(mode == "1") {
    %%%%%:  407-block  0
    #####:  408:            this->runAdmin();
    %%%%%:  408-block  0
        -:  409:        }
    #####:  410:        else if(mode == "2") {
    %%%%%:  410-block  0
    #####:  411:            this->runUser();
    %%%%%:  411-block  0
        -:  412:        }
        -:  413:        else {
    #####:  414:            std::cout<<"Error: Invalid mode!\n";
    %%%%%:  414-block  0
        -:  415:        }
        -:  416:    }
        1:  417:}
